<?xml version="1.0" encoding="UTF-8"?>
<!-- Generated by org.testng.reporters.JUnitReportReporter -->
<testsuite skipped="0" hostname="Haris-Air" name="hcl.in.AppTest" tests="1" failures="0" timestamp="28 Dec 2017 00:02:57 GMT" time="0.001" errors="0">
  <testcase name="testApp" time="0.001" classname="hcl.in.AppTest"/>
</testsuite> <!-- hcl.in.AppTest -->
