<?xml version="1.0" encoding="UTF-8"?>
<!-- Generated by org.testng.reporters.JUnitReportReporter -->
<testsuite skipped="0" hostname="Haris-Air" name="hcl.in.TestExamp" tests="1" failures="0" timestamp="25 Dec 2017 02:17:34 GMT" time="0.015" errors="0">
  <testcase name="test" time="0.015" classname="hcl.in.TestExamp"/>
</testsuite> <!-- hcl.in.TestExamp -->
