<?xml version="1.0" encoding="UTF-8"?>
<!-- Generated by org.testng.reporters.JUnitReportReporter -->
<testsuite skipped="0" hostname="Haris-Air" name="hcl.in.Test001" tests="1" failures="0" timestamp="31 Dec 2017 18:09:33 GMT" time="2.060" errors="0">
  <testcase name="hpNavigation" time="2.060" classname="hcl.in.Test001"/>
</testsuite> <!-- hcl.in.Test001 -->
