<?xml version="1.0" encoding="UTF-8"?>
<!-- Generated by org.testng.reporters.JUnitReportReporter -->
<testsuite skipped="0" hostname="Haris-Air" name="hcl.in.DepTest" tests="3" failures="0" timestamp="28 Dec 2017 12:34:14 GMT" time="0.014" errors="0">
  <testcase name="test1" time="0.002" classname="hcl.in.DepTest"/>
  <testcase name="test1" time="0.003" classname="hcl.in.DepTest"/>
  <testcase name="test1" time="0.009" classname="hcl.in.DepTest"/>
</testsuite> <!-- hcl.in.DepTest -->
