<?xml version="1.0" encoding="UTF-8"?>
<!-- Generated by org.testng.reporters.JUnitReportReporter -->
<testsuite skipped="0" hostname="Haris-Air" name="hcl.in.Test002" tests="5" failures="0" timestamp="31 Dec 2017 18:09:48 GMT" time="0.011" errors="0">
  <testcase name="printdata" time="0.001" classname="hcl.in.Test002"/>
  <testcase name="printdata" time="0.001" classname="hcl.in.Test002"/>
  <testcase name="printdata" time="0.001" classname="hcl.in.Test002"/>
  <testcase name="printdata" time="0.001" classname="hcl.in.Test002"/>
  <testcase name="printdata" time="0.007" classname="hcl.in.Test002"/>
</testsuite> <!-- hcl.in.Test002 -->
